<?xml version="1.0" encoding="UTF-8"?>
<testsuite name="com.bridgelabz.generics.FindMaxTest" tests="1" skipped="0" failures="0" errors="0" timestamp="2020-08-31T17:33:26" hostname="DESKTOP-E8Q152A" time="0.006">
  <properties/>
  <testcase name="givenSecondFloatAsMaximum_ShouldReturnSecondFloatAsMaximum" classname="com.bridgelabz.generics.FindMaxTest" time="0.006"/>
  <system-out><![CDATA[Largest = 30.0
]]></system-out>
  <system-err><![CDATA[]]></system-err>
</testsuite>
