<?xml version="1.0" encoding="UTF-8"?>
<testsuite name="com.bridgelabz.generics.FindMaxTest" tests="1" skipped="0" failures="0" errors="0" timestamp="2020-08-31T16:25:50" hostname="DESKTOP-E8Q152A" time="0.004">
  <properties/>
  <testcase name="givenSecondNumberAsMaximum_ShouldReturnSecondNumberAsMaximum" classname="com.bridgelabz.generics.FindMaxTest" time="0.004"/>
  <system-out><![CDATA[Largest = 200
]]></system-out>
  <system-err><![CDATA[]]></system-err>
</testsuite>
